{"numFailedTestSuites":0,"numFailedTests":0,"numPassedTestSuites":5,"numPassedTests":22,"numPendingTestSuites":0,"numPendingTests":0,"numRuntimeErrorTestSuites":0,"numTodoTests":0,"numTotalTestSuites":6,"numTotalTests":22,"openHandles":[],"snapshot":{"added":0,"didUpdate":false,"failure":false,"filesAdded":0,"filesRemoved":0,"filesRemovedList":[],"filesUnmatched":0,"filesUpdated":0,"matched":0,"total":0,"unchecked":0,"uncheckedKeysByFile":[],"unmatched":0,"updated":0},"startTime":1668469869967,"success":true,"testResults":[{"assertionResults":[{"ancestorTitles":["zenit-button"],"failureMessages":[],"fullName":"zenit-button renders","location":null,"status":"passed","title":"renders"},{"ancestorTitles":["zenit-button"],"failureMessages":[],"fullName":"zenit-button renders with primary class","location":null,"status":"passed","title":"renders with primary class"},{"ancestorTitles":["zenit-button"],"failureMessages":[],"fullName":"zenit-button renders as disabled","location":null,"status":"passed","title":"renders as disabled"},{"ancestorTitles":["zenit-button"],"failureMessages":[],"fullName":"zenit-button uses \"zenit-primary\" class for primary buttons","location":null,"status":"passed","title":"uses \"zenit-primary\" class for primary buttons"},{"ancestorTitles":["zenit-button"],"failureMessages":[],"fullName":"zenit-button uses \"zenit-tertiary\" class for transparent buttons","location":null,"status":"passed","title":"uses \"zenit-tertiary\" class for transparent buttons"},{"ancestorTitles":["zenit-button"],"failureMessages":[],"fullName":"zenit-button only uses \"zenit-primary\" class for buttons with both tertiary and primary","location":null,"status":"passed","title":"only uses \"zenit-primary\" class for buttons with both tertiary and primary"},{"ancestorTitles":["zenit-button"],"failureMessages":[],"fullName":"zenit-button uses \"zenit-square\" class for icon buttons","location":null,"status":"passed","title":"uses \"zenit-square\" class for icon buttons"}],"endTime":1668469870471,"message":"","name":"/workspaces/zenit_ui/storybook/src/components/button/button.spec.ts","startTime":1668469870024,"status":"passed","summary":""},{"assertionResults":[{"ancestorTitles":["zenit-checkbox"],"failureMessages":[],"fullName":"zenit-checkbox renders","location":null,"status":"passed","title":"renders"},{"ancestorTitles":["zenit-checkbox"],"failureMessages":[],"fullName":"zenit-checkbox toggles","location":null,"status":"passed","title":"toggles"},{"ancestorTitles":["zenit-checkbox"],"failureMessages":[],"fullName":"zenit-checkbox renders when disabled","location":null,"status":"passed","title":"renders when disabled"},{"ancestorTitles":["zenit-checkbox"],"failureMessages":[],"fullName":"zenit-checkbox does not toggle when disabled","location":null,"status":"passed","title":"does not toggle when disabled"},{"ancestorTitles":["zenit-checkbox"],"failureMessages":[],"fullName":"zenit-checkbox cycles \"off, mixed, on, off\" in tristate","location":null,"status":"passed","title":"cycles \"off, mixed, on, off\" in tristate"}],"endTime":1668469870923,"message":"","name":"/workspaces/zenit_ui/storybook/src/components/checkbox/checkbox.spec.ts","startTime":1668469870481,"status":"passed","summary":""},{"assertionResults":[{"ancestorTitles":["zenit-switch"],"failureMessages":[],"fullName":"zenit-switch renders","location":null,"status":"passed","title":"renders"},{"ancestorTitles":["zenit-switch"],"failureMessages":[],"fullName":"zenit-switch toggles","location":null,"status":"passed","title":"toggles"},{"ancestorTitles":["zenit-switch"],"failureMessages":[],"fullName":"zenit-switch renders when disabled","location":null,"status":"passed","title":"renders when disabled"},{"ancestorTitles":["zenit-switch"],"failureMessages":[],"fullName":"zenit-switch does not toggle when disabled","location":null,"status":"passed","title":"does not toggle when disabled"}],"endTime":1668469871299,"message":"","name":"/workspaces/zenit_ui/storybook/src/components/switch/switch.spec.ts","startTime":1668469870932,"status":"passed","summary":""},{"assertionResults":[{"ancestorTitles":["my-component"],"failureMessages":[],"fullName":"my-component renders","location":null,"status":"passed","title":"renders"},{"ancestorTitles":["my-component"],"failureMessages":[],"fullName":"my-component renders with values","location":null,"status":"passed","title":"renders with values"}],"endTime":1668469871629,"message":"","name":"/workspaces/zenit_ui/storybook/src/components/my-component/my-component.spec.ts","startTime":1668469871303,"status":"passed","summary":""},{"assertionResults":[{"ancestorTitles":["format"],"failureMessages":[],"fullName":"format returns empty string for no names defined","location":null,"status":"passed","title":"returns empty string for no names defined"},{"ancestorTitles":["format"],"failureMessages":[],"fullName":"format formats just first names","location":null,"status":"passed","title":"formats just first names"},{"ancestorTitles":["format"],"failureMessages":[],"fullName":"format formats first and last names","location":null,"status":"passed","title":"formats first and last names"},{"ancestorTitles":["format"],"failureMessages":[],"fullName":"format formats first, middle and last names","location":null,"status":"passed","title":"formats first, middle and last names"}],"endTime":1668469871933,"message":"","name":"/workspaces/zenit_ui/storybook/src/utils/utils.spec.ts","startTime":1668469871633,"status":"passed","summary":""}],"wasInterrupted":false}